\BOOKMARK [0][-]{chapter.1}{\376\377\000I\000N\000T\000R\000O\000D\000U\000C\000C\000I\000\323\000N}{}% 1
\BOOKMARK [1][-]{section.1.1}{\376\377\000J\000u\000s\000t\000i\000f\000i\000c\000a\000c\000i\000\363\000n}{chapter.1}% 2
\BOOKMARK [1][-]{section.1.2}{\376\377\000O\000b\000j\000e\000t\000i\000v\000o\000s}{chapter.1}% 3
\BOOKMARK [0][-]{chapter.2}{\376\377\000M\000A\000R\000C\000O\000\040\000T\000E\000\323\000R\000I\000C\000O\000\040\000Y\000\040\000N\000O\000R\000M\000A\000T\000I\000V\000O}{}% 4
\BOOKMARK [1][-]{section.2.1}{\376\377\000R\000e\000g\000l\000a\000m\000e\000n\000t\000o\000s\000\040\000d\000e\000\040\000e\000j\000e\000c\000u\000c\000i\000\363\000n\000\040\000d\000e\000\040\000p\000r\000o\000y\000e\000c\000t\000o\000s}{chapter.2}% 5
\BOOKMARK [1][-]{section.2.2}{\376\377\000N\000i\000v\000e\000l\000\040\000a\000c\000t\000u\000a\000l\000\040\000d\000e\000\040\000c\000o\000b\000e\000r\000t\000u\000r\000a\000\040\000d\000e\000\040\000s\000e\000r\000v\000i\000c\000i\000o}{chapter.2}% 6
\BOOKMARK [1][-]{section.2.3}{\376\377\000S\000i\000s\000t\000e\000m\000a\000s\000\040\000d\000e\000\040\000a\000g\000u\000a\000\040\000p\000o\000t\000a\000b\000l\000e\000\040\000u\000r\000b\000a\000n\000o\000\040\000y\000\040\000r\000u\000r\000a\000l}{chapter.2}% 7
\BOOKMARK [1][-]{section.2.4}{\376\377\000P\000e\000r\000i\000o\000d\000o\000\040\000d\000e\000\040\000d\000i\000s\000e\000\361\000o\000\040\000y\000\040\000e\000s\000t\000u\000d\000i\000o\000s\000\040\000d\000e\000\040\000p\000o\000b\000l\000a\000c\000i\000\363\000n}{chapter.2}% 8
\BOOKMARK [1][-]{section.2.5}{\376\377\000D\000o\000t\000a\000c\000i\000\363\000n\000,\000\040\000c\000o\000n\000s\000u\000m\000o\000\040\000y\000\040\000a\000l\000m\000a\000c\000e\000n\000a\000m\000i\000e\000n\000t\000o}{chapter.2}% 9
\BOOKMARK [1][-]{section.2.6}{\376\377\000F\000u\000e\000n\000t\000e\000s\000\040\000d\000e\000\040\000a\000b\000a\000s\000t\000e\000c\000i\000m\000i\000e\000n\000t\000o\000\040\000y\000\040\000s\000i\000s\000t\000e\000m\000a\000s\000\040\000d\000e\000\040\000c\000a\000p\000t\000a\000c\000i\000\363\000n}{chapter.2}% 10
\BOOKMARK [1][-]{section.2.7}{\376\377\000V\000a\000r\000i\000a\000c\000i\000o\000n\000e\000s\000\040\000d\000e\000\040\000c\000o\000n\000s\000u\000m\000o}{chapter.2}% 11
\BOOKMARK [0][-]{chapter.3}{\376\377\000I\000N\000G\000E\000N\000I\000E\000R\000\315\000A\000\040\000D\000E\000L\000\040\000P\000R\000O\000Y\000E\000C\000T\000O}{}% 12
\BOOKMARK [1][-]{section.3.1}{\376\377\000E\000s\000t\000u\000d\000i\000o\000s\000\040\000p\000r\000e\000l\000i\000m\000i\000n\000a\000r\000e\000s\000\040\000d\000e\000l\000\040\000P\000r\000o\000y\000e\000c\000t\000o}{chapter.3}% 13
\BOOKMARK [1][-]{section.3.2}{\376\377\000A\000s\000p\000e\000c\000t\000o\000s\000\040\000f\000\355\000s\000i\000c\000o\000s\000\040\000d\000e\000\040\000l\000a\000\040\000z\000o\000n\000a}{chapter.3}% 14
\BOOKMARK [1][-]{section.3.3}{\376\377\000E\000s\000t\000u\000d\000i\000o\000s\000\040\000b\000\341\000s\000i\000c\000o\000s\000\040\000d\000e\000\040\000i\000n\000g\000e\000n\000i\000e\000r\000\355\000a}{chapter.3}% 15
\BOOKMARK [0][-]{chapter.4}{\376\377\000D\000I\000S\000E\000\321\000O\000\040\000D\000E\000L\000\040\000S\000I\000S\000T\000E\000M\000A\000\040\000D\000E\000\040\000A\000B\000A\000S\000T\000E\000C\000I\000M\000I\000E\000N\000T\000O\000\040\000D\000E\000\040\000A\000G\000U\000A}{}% 16
\BOOKMARK [1][-]{section.4.1}{\376\377\000S\000i\000s\000t\000e\000m\000a\000\040\000d\000e\000\040\000c\000a\000p\000t\000a\000c\000i\000\363\000n}{chapter.4}% 17
\BOOKMARK [1][-]{section.4.2}{\376\377\000L\000\355\000n\000e\000a\000\040\000d\000e\000\040\000a\000d\000u\000c\000c\000i\000\363\000n}{chapter.4}% 18
\BOOKMARK [1][-]{section.4.3}{\376\377\000R\000e\000s\000e\000r\000v\000o\000r\000i\000o\000\040\000d\000e\000\040\000a\000l\000m\000a\000c\000e\000n\000a\000m\000i\000e\000n\000t\000o}{chapter.4}% 19
\BOOKMARK [1][-]{section.4.4}{\376\377\000R\000e\000d\000\040\000d\000e\000\040\000d\000i\000s\000t\000r\000i\000b\000u\000c\000i\000\363\000n}{chapter.4}% 20
\BOOKMARK [0][-]{section.4.4}{\376\377\000B\000i\000b\000l\000i\000o\000g\000r\000a\000f\000\355\000a}{}% 21
